0 info it worked if it ends with ok
1 verbose cli [ '/usr/bin/nodejs', '/usr/bin/npm', 'run', 'production' ]
2 info using npm@3.10.8
3 info using node@v6.9.1
4 verbose run-script [ 'preproduction', 'production', 'postproduction' ]
5 info lifecycle rinkimu-sistema@1.0.0~preproduction: rinkimu-sistema@1.0.0
6 silly lifecycle rinkimu-sistema@1.0.0~preproduction: no script for preproduction, continuing
7 info lifecycle rinkimu-sistema@1.0.0~production: rinkimu-sistema@1.0.0
8 verbose lifecycle rinkimu-sistema@1.0.0~production: unsafe-perm in lifecycle true
9 verbose lifecycle rinkimu-sistema@1.0.0~production: PATH: /usr/lib/node_modules/npm/bin/node-gyp-bin:/home/lukas/workspace/Rinkimu-IS_RiBRIS/src/main/resources/static/node_modules/.bin:/usr/local/sbin:/usr/local/bin:/usr/sbin:/usr/bin:/sbin:/bin:/usr/games:/usr/local/games:/snap/bin:/usr/lib/jvm/java-8-oracle/bin:/usr/lib/jvm/java-8-oracle/db/bin:/usr/lib/jvm/java-8-oracle/jre/bin
10 verbose lifecycle rinkimu-sistema@1.0.0~production: CWD: /home/lukas/workspace/Rinkimu-IS_RiBRIS/src/main/resources/static
11 silly lifecycle rinkimu-sistema@1.0.0~production: Args: [ '-c', 'webpack -p' ]
12 silly lifecycle rinkimu-sistema@1.0.0~production: Returned: code: 2  signal: null
13 info lifecycle rinkimu-sistema@1.0.0~production: Failed to exec production script
14 verbose stack Error: rinkimu-sistema@1.0.0 production: `webpack -p`
14 verbose stack Exit status 2
14 verbose stack     at EventEmitter.<anonymous> (/usr/lib/node_modules/npm/lib/utils/lifecycle.js:255:16)
14 verbose stack     at emitTwo (events.js:106:13)
14 verbose stack     at EventEmitter.emit (events.js:191:7)
14 verbose stack     at ChildProcess.<anonymous> (/usr/lib/node_modules/npm/lib/utils/spawn.js:40:14)
14 verbose stack     at emitTwo (events.js:106:13)
14 verbose stack     at ChildProcess.emit (events.js:191:7)
14 verbose stack     at maybeClose (internal/child_process.js:877:16)
14 verbose stack     at Process.ChildProcess._handle.onexit (internal/child_process.js:226:5)
15 verbose pkgid rinkimu-sistema@1.0.0
16 verbose cwd /home/lukas/workspace/Rinkimu-IS_RiBRIS/src/main/resources/static
17 error Linux 4.4.0-62-generic
18 error argv "/usr/bin/nodejs" "/usr/bin/npm" "run" "production"
19 error node v6.9.1
20 error npm  v3.10.8
21 error code ELIFECYCLE
22 error rinkimu-sistema@1.0.0 production: `webpack -p`
22 error Exit status 2
23 error Failed at the rinkimu-sistema@1.0.0 production script 'webpack -p'.
23 error Make sure you have the latest version of node.js and npm installed.
23 error If you do, this is most likely a problem with the rinkimu-sistema package,
23 error not with npm itself.
23 error Tell the author that this fails on your system:
23 error     webpack -p
23 error You can get information on how to open an issue for this project with:
23 error     npm bugs rinkimu-sistema
23 error Or if that isn't available, you can get their info via:
23 error     npm owner ls rinkimu-sistema
23 error There is likely additional logging output above.
24 verbose exit [ 1, true ]
